<?xml version="1.0" encoding="UTF-8"?>
<dataset>
    <Product id="6" name="Samsung Note" price="25000.00" quantity="1" uom="each" />
</dataset>
